This file contains any messages produced by compilers while
running configure, to aid debugging if configure makes a mistake.

It was created by openqlm-interop configure 0.0.1, which was
generated by GNU Autoconf 2.69.  Invocation command line was

  $ ./configure 

## --------- ##
## Platform. ##
## --------- ##

hostname = quantumbull.localdomain
uname -m = x86_64
uname -r = 3.10.0-693.11.6.el7.x86_64
uname -s = Linux
uname -v = #1 SMP Thu Dec 28 14:23:39 EST 2017

/usr/bin/uname -p = x86_64
/bin/uname -X     = unknown

/bin/arch              = x86_64
/usr/bin/arch -k       = unknown
/usr/convex/getsysinfo = unknown
/usr/bin/hostinfo      = unknown
/bin/machine           = unknown
/usr/bin/oslevel       = unknown
/bin/universe          = unknown

PATH: /mnt/raid6/wip/reda/bsm/qat-core/packaged/bin
PATH: /mnt/raid6/wip/reda/bsm/qat-core/build/packaged/bin
PATH: /mnt/raid6/wip/reda/bsm/qat-tutorial/packaged/bin
PATH: /mnt/raid6/wip/reda/bsm/qat-tutorial/build/packaged/bin
PATH: /mnt/raid6/wip/reda/bsm/qat-synth/packaged/bin
PATH: /mnt/raid6/wip/reda/bsm/qat-synth/build/packaged/bin
PATH: /mnt/raid6/wip/reda/bsm/qat-stabs/packaged/bin
PATH: /mnt/raid6/wip/reda/bsm/qat-stabs/build/packaged/bin
PATH: /mnt/raid6/wip/reda/bsm/qat-quops/packaged/bin
PATH: /mnt/raid6/wip/reda/bsm/qat-quops/build/packaged/bin
PATH: /mnt/raid6/wip/reda/bsm/qat-pbo/packaged/bin
PATH: /mnt/raid6/wip/reda/bsm/qat-pbo/build/packaged/bin
PATH: /mnt/raid6/wip/reda/bsm/qat-noisy/packaged/bin
PATH: /mnt/raid6/wip/reda/bsm/qat-noisy/build/packaged/bin
PATH: /mnt/raid6/wip/reda/bsm/qat-nnize/packaged/bin
PATH: /mnt/raid6/wip/reda/bsm/qat-nnize/build/packaged/bin
PATH: /mnt/raid6/wip/reda/bsm/qat-mps/packaged/bin
PATH: /mnt/raid6/wip/reda/bsm/qat-mps/build/packaged/bin
PATH: /mnt/raid6/wip/reda/bsm/qat-linalg/packaged/bin
PATH: /mnt/raid6/wip/reda/bsm/qat-linalg/build/packaged/bin
PATH: /mnt/raid6/wip/reda/bsm/qat-lang/packaged/bin
PATH: /mnt/raid6/wip/reda/bsm/qat-lang/build/packaged/bin
PATH: /mnt/raid6/wip/reda/bsm/qat-hardwares/packaged/bin
PATH: /mnt/raid6/wip/reda/bsm/qat-hardwares/build/packaged/bin
PATH: /mnt/raid6/wip/reda/bsm/qat-graphopt/packaged/bin
PATH: /mnt/raid6/wip/reda/bsm/qat-graphopt/build/packaged/bin
PATH: /mnt/raid6/wip/reda/bsm/qat-gb/packaged/bin
PATH: /mnt/raid6/wip/reda/bsm/qat-gb/build/packaged/bin
PATH: /mnt/raid6/wip/reda/bsm/qat-feynman/packaged/bin
PATH: /mnt/raid6/wip/reda/bsm/qat-feynman/build/packaged/bin
PATH: /mnt/raid6/wip/reda/bsm/qat-bdd/packaged/bin
PATH: /mnt/raid6/wip/reda/bsm/qat-bdd/build/packaged/bin
PATH: /mnt/raid6/wip/reda/bsm/bxibase/packaged/bin
PATH: /mnt/raid6/wip/reda/bsm/bxibase/build/packaged/bin
PATH: /mnt/raid6/wip/reda/bsm/backtrace/packaged/bin
PATH: /mnt/raid6/wip/reda/bsm/backtrace/build/packaged/bin
PATH: /usr/local/go/bin
PATH: /home/reda/wip/apps/bin
PATH: /usr/local/bin
PATH: /usr/bin
PATH: /home/reda/bin
PATH: /usr/local/sbin
PATH: /usr/sbin
PATH: /usr/local/texlive/2007/bin/i386-linux
PATH: /home/reda/.local/bin


## ----------- ##
## Core tests. ##
## ----------- ##

configure:2309: checking for a BSD-compatible install
configure:2377: result: /usr/bin/install -c
configure:2388: checking whether build environment is sane
configure:2443: result: yes
configure:2594: checking for a thread-safe mkdir -p
configure:2633: result: /usr/bin/mkdir -p
configure:2640: checking for gawk
configure:2656: found /usr/bin/gawk
configure:2667: result: gawk
configure:2678: checking whether make sets $(MAKE)
configure:2700: result: yes
configure:2729: checking whether make supports nested variables
configure:2746: result: yes
configure:2884: checking for pkg-config
configure:2902: found /usr/bin/pkg-config
configure:2914: result: /usr/bin/pkg-config
configure:2939: checking pkg-config is at least version 0.9.0
configure:2942: result: yes
configure:3074: checking for doxygen
configure:3090: found /usr/bin/doxygen
configure:3101: result: doxygen
configure:3120: checking for dot
configure:3136: found /usr/bin/dot
configure:3147: result: dot
configure:3208: checking for valgrind
configure:3224: found /usr/bin/valgrind
configure:3235: result: yes
configure:3280: checking for doxygen
configure:3307: result: doxygen
configure:3326: checking for dot
configure:3353: result: dot
configure:3476: checking for python
configure:3506: result: /usr/bin/python3
configure:3521: checking if Python >= '3.0'
configure:3558: chmod +x conftest.py && cp conftest.py conftest >&5
configure:3558: $? = 0
configure:3558: ./conftest
configure:3558: $? = 0
configure:3574: result: yes
configure:3584: checking if Python <= '3.99'
configure:3621: chmod +x conftest.py && cp conftest.py conftest >&5
configure:3621: $? = 0
configure:3621: ./conftest
configure:3621: $? = 0
configure:3637: result: yes
configure:3651: checking for python3-config
configure:3669: found /usr/bin/python3-config
configure:3681: result: /usr/bin/python3-config
configure:3690: checking for Python prefix
configure:3732: result: /usr
configure:3742: checking for Python site-packages directory
configure:3785: chmod +x conftest.py && cp conftest.py conftest >&5
configure:3785: $? = 0
configure:3804: result: lib64/python3.4/site-packages
configure:3819: checking for Python 'cffi' library
configure:3845: chmod +x conftest.py && cp conftest.py conftest >&5
configure:3845: $? = 0
configure:3845: ./conftest
configure:3845: $? = 0
configure:3861: result: yes
configure:3888: checking for style of include used by make
configure:3916: result: GNU
configure:3987: checking for gcc
configure:4003: found /usr/bin/gcc
configure:4014: result: gcc
configure:4243: checking for C compiler version
configure:4252: gcc --version >&5
gcc (GCC) 4.8.5 20150623 (Red Hat 4.8.5-16)
Copyright (C) 2015 Free Software Foundation, Inc.
This is free software; see the source for copying conditions.  There is NO
warranty; not even for MERCHANTABILITY or FITNESS FOR A PARTICULAR PURPOSE.

configure:4263: $? = 0
configure:4252: gcc -v >&5
Using built-in specs.
COLLECT_GCC=gcc
COLLECT_LTO_WRAPPER=/usr/libexec/gcc/x86_64-redhat-linux/4.8.5/lto-wrapper
Target: x86_64-redhat-linux
Configured with: ../configure --prefix=/usr --mandir=/usr/share/man --infodir=/usr/share/info --with-bugurl=http://bugzilla.redhat.com/bugzilla --enable-bootstrap --enable-shared --enable-threads=posix --enable-checking=release --with-system-zlib --enable-__cxa_atexit --disable-libunwind-exceptions --enable-gnu-unique-object --enable-linker-build-id --with-linker-hash-style=gnu --enable-languages=c,c++,objc,obj-c++,java,fortran,ada,go,lto --enable-plugin --enable-initfini-array --disable-libgcj --with-isl=/builddir/build/BUILD/gcc-4.8.5-20150702/obj-x86_64-redhat-linux/isl-install --with-cloog=/builddir/build/BUILD/gcc-4.8.5-20150702/obj-x86_64-redhat-linux/cloog-install --enable-gnu-indirect-function --with-tune=generic --with-arch_32=x86-64 --build=x86_64-redhat-linux
Thread model: posix
gcc version 4.8.5 20150623 (Red Hat 4.8.5-16) (GCC) 
configure:4263: $? = 0
configure:4252: gcc -V >&5
gcc: error: unrecognized command line option '-V'
gcc: fatal error: no input files
compilation terminated.
configure:4263: $? = 4
configure:4252: gcc -qversion >&5
gcc: error: unrecognized command line option '-qversion'
gcc: fatal error: no input files
compilation terminated.
configure:4263: $? = 4
configure:4283: checking whether the C compiler works
configure:4305: gcc  -g3 -O0   -g3 -O0  -Wall -Werror  -Wextra -Wconversion   conftest.c  >&5
configure:4309: $? = 0
configure:4357: result: yes
configure:4360: checking for C compiler default output file name
configure:4362: result: a.out
configure:4368: checking for suffix of executables
configure:4375: gcc -o conftest  -g3 -O0   -g3 -O0  -Wall -Werror  -Wextra -Wconversion   conftest.c  >&5
configure:4379: $? = 0
configure:4401: result: 
configure:4423: checking whether we are cross compiling
configure:4431: gcc -o conftest  -g3 -O0   -g3 -O0  -Wall -Werror  -Wextra -Wconversion   conftest.c  >&5
configure:4435: $? = 0
configure:4442: ./conftest
configure:4446: $? = 0
configure:4461: result: no
configure:4466: checking for suffix of object files
configure:4488: gcc -c  -g3 -O0   -g3 -O0  -Wall -Werror  -Wextra -Wconversion  conftest.c >&5
configure:4492: $? = 0
configure:4513: result: o
configure:4517: checking whether we are using the GNU C compiler
configure:4536: gcc -c  -g3 -O0   -g3 -O0  -Wall -Werror  -Wextra -Wconversion  conftest.c >&5
configure:4536: $? = 0
configure:4545: result: yes
configure:4554: checking whether gcc accepts -g
configure:4574: gcc -c -g  -g3 -O0  -Wall -Werror  -Wextra -Wconversion  conftest.c >&5
configure:4574: $? = 0
configure:4615: result: yes
configure:4632: checking for gcc option to accept ISO C89
configure:4695: gcc  -c  -g3 -O0   -g3 -O0  -Wall -Werror  -Wextra -Wconversion  conftest.c >&5
configure:4695: $? = 0
configure:4708: result: none needed
configure:4730: checking dependency style of gcc
configure:4841: result: none
configure:4857: checking for library containing curs_set
configure:4888: gcc -o conftest  -g3 -O0   -g3 -O0  -Wall -Werror  -Wextra -Wconversion   conftest.c  >&5
/tmp/reda/cceo6eE3.o: In function `main':
/home/reda/bsm/openqlm-interop/conftest.c:22: undefined reference to `curs_set'
collect2: error: ld returned 1 exit status
configure:4888: $? = 1
configure: failed program was:
| /* confdefs.h */
| #define PACKAGE_NAME "openqlm-interop"
| #define PACKAGE_TARNAME "openqlm-interop"
| #define PACKAGE_VERSION "0.0.1"
| #define PACKAGE_STRING "openqlm-interop 0.0.1"
| #define PACKAGE_BUGREPORT ""
| #define PACKAGE_URL ""
| #define PACKAGE "openqlm-interop"
| #define VERSION "0.0.1"
| /* end confdefs.h.  */
| 
| /* Override any GCC internal prototype to avoid an error.
|    Use char because int might match the return type of a GCC
|    builtin and then its argument prototype would still apply.  */
| #ifdef __cplusplus
| extern "C"
| #endif
| char curs_set ();
| int
| main ()
| {
| return curs_set ();
|   ;
|   return 0;
| }
configure:4888: gcc -o conftest  -g3 -O0   -g3 -O0  -Wall -Werror  -Wextra -Wconversion   conftest.c -lcurses   >&5
configure:4888: $? = 0
configure:4905: result: -lcurses
configure:4913: checking for library containing CU_register_suites
configure:4944: gcc -o conftest  -g3 -O0   -g3 -O0  -Wall -Werror  -Wextra -Wconversion   conftest.c -lcurses  >&5
/tmp/reda/ccQ9Vgtj.o: In function `main':
/home/reda/bsm/openqlm-interop/conftest.c:22: undefined reference to `CU_register_suites'
collect2: error: ld returned 1 exit status
configure:4944: $? = 1
configure: failed program was:
| /* confdefs.h */
| #define PACKAGE_NAME "openqlm-interop"
| #define PACKAGE_TARNAME "openqlm-interop"
| #define PACKAGE_VERSION "0.0.1"
| #define PACKAGE_STRING "openqlm-interop 0.0.1"
| #define PACKAGE_BUGREPORT ""
| #define PACKAGE_URL ""
| #define PACKAGE "openqlm-interop"
| #define VERSION "0.0.1"
| /* end confdefs.h.  */
| 
| /* Override any GCC internal prototype to avoid an error.
|    Use char because int might match the return type of a GCC
|    builtin and then its argument prototype would still apply.  */
| #ifdef __cplusplus
| extern "C"
| #endif
| char CU_register_suites ();
| int
| main ()
| {
| return CU_register_suites ();
|   ;
|   return 0;
| }
configure:4944: gcc -o conftest  -g3 -O0   -g3 -O0  -Wall -Werror  -Wextra -Wconversion   conftest.c -lcunit  -lcurses  >&5
configure:4944: $? = 0
configure:4961: result: -lcunit
configure:4990: checking for error_at_line
configure:5006: gcc -o conftest  -g3 -O0   -g3 -O0  -Wall -Werror  -Wextra -Wconversion   conftest.c  >&5
configure:5006: $? = 0
configure:5014: result: yes
configure:5030: checking how to run the C preprocessor
configure:5061: gcc -E  -g3 -O0  -Wall -Werror  -Wextra -Wconversion  conftest.c
configure:5061: $? = 0
configure:5075: gcc -E  -g3 -O0  -Wall -Werror  -Wextra -Wconversion  conftest.c
conftest.c:11:28: fatal error: ac_nonexistent.h: No such file or directory
 #include <ac_nonexistent.h>
                            ^
compilation terminated.
configure:5075: $? = 1
configure: failed program was:
| /* confdefs.h */
| #define PACKAGE_NAME "openqlm-interop"
| #define PACKAGE_TARNAME "openqlm-interop"
| #define PACKAGE_VERSION "0.0.1"
| #define PACKAGE_STRING "openqlm-interop 0.0.1"
| #define PACKAGE_BUGREPORT ""
| #define PACKAGE_URL ""
| #define PACKAGE "openqlm-interop"
| #define VERSION "0.0.1"
| /* end confdefs.h.  */
| #include <ac_nonexistent.h>
configure:5100: result: gcc -E
configure:5120: gcc -E  -g3 -O0  -Wall -Werror  -Wextra -Wconversion  conftest.c
configure:5120: $? = 0
configure:5134: gcc -E  -g3 -O0  -Wall -Werror  -Wextra -Wconversion  conftest.c
conftest.c:11:28: fatal error: ac_nonexistent.h: No such file or directory
 #include <ac_nonexistent.h>
                            ^
compilation terminated.
configure:5134: $? = 1
configure: failed program was:
| /* confdefs.h */
| #define PACKAGE_NAME "openqlm-interop"
| #define PACKAGE_TARNAME "openqlm-interop"
| #define PACKAGE_VERSION "0.0.1"
| #define PACKAGE_STRING "openqlm-interop 0.0.1"
| #define PACKAGE_BUGREPORT ""
| #define PACKAGE_URL ""
| #define PACKAGE "openqlm-interop"
| #define VERSION "0.0.1"
| /* end confdefs.h.  */
| #include <ac_nonexistent.h>
configure:5163: checking for grep that handles long lines and -e
configure:5221: result: /usr/bin/grep
configure:5226: checking for egrep
configure:5288: result: /usr/bin/grep -E
configure:5293: checking for ANSI C header files
configure:5313: gcc -c  -g3 -O0   -g3 -O0  -Wall -Werror  -Wextra -Wconversion  conftest.c >&5
configure:5313: $? = 0
configure:5386: gcc -o conftest  -g3 -O0   -g3 -O0  -Wall -Werror  -Wextra -Wconversion   conftest.c  >&5
configure:5386: $? = 0
configure:5386: ./conftest
configure:5386: $? = 0
configure:5397: result: yes
configure:5410: checking for sys/types.h
configure:5410: gcc -c  -g3 -O0   -g3 -O0  -Wall -Werror  -Wextra -Wconversion  conftest.c >&5
configure:5410: $? = 0
configure:5410: result: yes
configure:5410: checking for sys/stat.h
configure:5410: gcc -c  -g3 -O0   -g3 -O0  -Wall -Werror  -Wextra -Wconversion  conftest.c >&5
configure:5410: $? = 0
configure:5410: result: yes
configure:5410: checking for stdlib.h
configure:5410: gcc -c  -g3 -O0   -g3 -O0  -Wall -Werror  -Wextra -Wconversion  conftest.c >&5
configure:5410: $? = 0
configure:5410: result: yes
configure:5410: checking for string.h
configure:5410: gcc -c  -g3 -O0   -g3 -O0  -Wall -Werror  -Wextra -Wconversion  conftest.c >&5
configure:5410: $? = 0
configure:5410: result: yes
configure:5410: checking for memory.h
configure:5410: gcc -c  -g3 -O0   -g3 -O0  -Wall -Werror  -Wextra -Wconversion  conftest.c >&5
configure:5410: $? = 0
configure:5410: result: yes
configure:5410: checking for strings.h
configure:5410: gcc -c  -g3 -O0   -g3 -O0  -Wall -Werror  -Wextra -Wconversion  conftest.c >&5
configure:5410: $? = 0
configure:5410: result: yes
configure:5410: checking for inttypes.h
configure:5410: gcc -c  -g3 -O0   -g3 -O0  -Wall -Werror  -Wextra -Wconversion  conftest.c >&5
configure:5410: $? = 0
configure:5410: result: yes
configure:5410: checking for stdint.h
configure:5410: gcc -c  -g3 -O0   -g3 -O0  -Wall -Werror  -Wextra -Wconversion  conftest.c >&5
configure:5410: $? = 0
configure:5410: result: yes
configure:5410: checking for unistd.h
configure:5410: gcc -c  -g3 -O0   -g3 -O0  -Wall -Werror  -Wextra -Wconversion  conftest.c >&5
configure:5410: $? = 0
configure:5410: result: yes
configure:5422: checking whether strerror_r is declared
configure:5422: gcc -c  -g3 -O0   -g3 -O0  -Wall -Werror  -Wextra -Wconversion  conftest.c >&5
configure:5422: $? = 0
configure:5422: result: yes
configure:5435: checking for strerror_r
configure:5435: gcc -o conftest  -g3 -O0   -g3 -O0  -Wall -Werror  -Wextra -Wconversion   conftest.c  >&5
configure:5435: $? = 0
configure:5435: result: yes
configure:5444: checking whether strerror_r returns char *
configure:5468: gcc -c  -g3 -O0   -g3 -O0  -Wall -Werror  -Wextra -Wconversion  conftest.c >&5
conftest.c: In function 'main':
conftest.c:61:13: error: invalid type argument of unary '*' (have 'int')
    char x = *strerror_r (0, buf, sizeof buf);
             ^
conftest.c:62:14: error: initialization makes pointer from integer without a cast [-Werror]
    char *p = strerror_r (0, buf, sizeof buf);
              ^
cc1: all warnings being treated as errors
configure:5468: $? = 1
configure: failed program was:
| /* confdefs.h */
| #define PACKAGE_NAME "openqlm-interop"
| #define PACKAGE_TARNAME "openqlm-interop"
| #define PACKAGE_VERSION "0.0.1"
| #define PACKAGE_STRING "openqlm-interop 0.0.1"
| #define PACKAGE_BUGREPORT ""
| #define PACKAGE_URL ""
| #define PACKAGE "openqlm-interop"
| #define VERSION "0.0.1"
| #define STDC_HEADERS 1
| #define HAVE_SYS_TYPES_H 1
| #define HAVE_SYS_STAT_H 1
| #define HAVE_STDLIB_H 1
| #define HAVE_STRING_H 1
| #define HAVE_MEMORY_H 1
| #define HAVE_STRINGS_H 1
| #define HAVE_INTTYPES_H 1
| #define HAVE_STDINT_H 1
| #define HAVE_UNISTD_H 1
| #define HAVE_DECL_STRERROR_R 1
| #define HAVE_STRERROR_R 1
| /* end confdefs.h.  */
| #include <stdio.h>
| #ifdef HAVE_SYS_TYPES_H
| # include <sys/types.h>
| #endif
| #ifdef HAVE_SYS_STAT_H
| # include <sys/stat.h>
| #endif
| #ifdef STDC_HEADERS
| # include <stdlib.h>
| # include <stddef.h>
| #else
| # ifdef HAVE_STDLIB_H
| #  include <stdlib.h>
| # endif
| #endif
| #ifdef HAVE_STRING_H
| # if !defined STDC_HEADERS && defined HAVE_MEMORY_H
| #  include <memory.h>
| # endif
| # include <string.h>
| #endif
| #ifdef HAVE_STRINGS_H
| # include <strings.h>
| #endif
| #ifdef HAVE_INTTYPES_H
| # include <inttypes.h>
| #endif
| #ifdef HAVE_STDINT_H
| # include <stdint.h>
| #endif
| #ifdef HAVE_UNISTD_H
| # include <unistd.h>
| #endif
| int
| main ()
| {
| 
| 	  char buf[100];
| 	  char x = *strerror_r (0, buf, sizeof buf);
| 	  char *p = strerror_r (0, buf, sizeof buf);
| 	  return !p || x;
| 
|   ;
|   return 0;
| }
configure:5506: result: no
configure:5517: checking for gethostname
configure:5517: gcc -o conftest  -g3 -O0   -g3 -O0  -Wall -Werror  -Wextra -Wconversion   conftest.c  >&5
configure:5517: $? = 0
configure:5517: result: yes
configure:5517: checking for memset
configure:5517: gcc -o conftest  -g3 -O0   -g3 -O0  -Wall -Werror  -Wextra -Wconversion   conftest.c  >&5
conftest.c:47:6: error: conflicting types for built-in function 'memset' [-Werror]
 char memset ();
      ^
cc1: all warnings being treated as errors
configure:5517: $? = 1
configure: failed program was:
| /* confdefs.h */
| #define PACKAGE_NAME "openqlm-interop"
| #define PACKAGE_TARNAME "openqlm-interop"
| #define PACKAGE_VERSION "0.0.1"
| #define PACKAGE_STRING "openqlm-interop 0.0.1"
| #define PACKAGE_BUGREPORT ""
| #define PACKAGE_URL ""
| #define PACKAGE "openqlm-interop"
| #define VERSION "0.0.1"
| #define STDC_HEADERS 1
| #define HAVE_SYS_TYPES_H 1
| #define HAVE_SYS_STAT_H 1
| #define HAVE_STDLIB_H 1
| #define HAVE_STRING_H 1
| #define HAVE_MEMORY_H 1
| #define HAVE_STRINGS_H 1
| #define HAVE_INTTYPES_H 1
| #define HAVE_STDINT_H 1
| #define HAVE_UNISTD_H 1
| #define HAVE_DECL_STRERROR_R 1
| #define HAVE_STRERROR_R 1
| #define HAVE_GETHOSTNAME 1
| /* end confdefs.h.  */
| /* Define memset to an innocuous variant, in case <limits.h> declares memset.
|    For example, HP-UX 11i <limits.h> declares gettimeofday.  */
| #define memset innocuous_memset
| 
| /* System header to define __stub macros and hopefully few prototypes,
|     which can conflict with char memset (); below.
|     Prefer <limits.h> to <assert.h> if __STDC__ is defined, since
|     <limits.h> exists even on freestanding compilers.  */
| 
| #ifdef __STDC__
| # include <limits.h>
| #else
| # include <assert.h>
| #endif
| 
| #undef memset
| 
| /* Override any GCC internal prototype to avoid an error.
|    Use char because int might match the return type of a GCC
|    builtin and then its argument prototype would still apply.  */
| #ifdef __cplusplus
| extern "C"
| #endif
| char memset ();
| /* The GNU C library defines this for functions which it implements
|     to always fail with ENOSYS.  Some functions are actually named
|     something starting with __ and the normal name is an alias.  */
| #if defined __stub_memset || defined __stub___memset
| choke me
| #endif
| 
| int
| main ()
| {
| return memset ();
|   ;
|   return 0;
| }
configure:5517: result: no
configure:5517: checking for mkdir
configure:5517: gcc -o conftest  -g3 -O0   -g3 -O0  -Wall -Werror  -Wextra -Wconversion   conftest.c  >&5
configure:5517: $? = 0
configure:5517: result: yes
configure:5517: checking for pow
configure:5517: gcc -o conftest  -g3 -O0   -g3 -O0  -Wall -Werror  -Wextra -Wconversion   conftest.c  >&5
conftest.c:48:6: error: conflicting types for built-in function 'pow' [-Werror]
 char pow ();
      ^
cc1: all warnings being treated as errors
configure:5517: $? = 1
configure: failed program was:
| /* confdefs.h */
| #define PACKAGE_NAME "openqlm-interop"
| #define PACKAGE_TARNAME "openqlm-interop"
| #define PACKAGE_VERSION "0.0.1"
| #define PACKAGE_STRING "openqlm-interop 0.0.1"
| #define PACKAGE_BUGREPORT ""
| #define PACKAGE_URL ""
| #define PACKAGE "openqlm-interop"
| #define VERSION "0.0.1"
| #define STDC_HEADERS 1
| #define HAVE_SYS_TYPES_H 1
| #define HAVE_SYS_STAT_H 1
| #define HAVE_STDLIB_H 1
| #define HAVE_STRING_H 1
| #define HAVE_MEMORY_H 1
| #define HAVE_STRINGS_H 1
| #define HAVE_INTTYPES_H 1
| #define HAVE_STDINT_H 1
| #define HAVE_UNISTD_H 1
| #define HAVE_DECL_STRERROR_R 1
| #define HAVE_STRERROR_R 1
| #define HAVE_GETHOSTNAME 1
| #define HAVE_MKDIR 1
| /* end confdefs.h.  */
| /* Define pow to an innocuous variant, in case <limits.h> declares pow.
|    For example, HP-UX 11i <limits.h> declares gettimeofday.  */
| #define pow innocuous_pow
| 
| /* System header to define __stub macros and hopefully few prototypes,
|     which can conflict with char pow (); below.
|     Prefer <limits.h> to <assert.h> if __STDC__ is defined, since
|     <limits.h> exists even on freestanding compilers.  */
| 
| #ifdef __STDC__
| # include <limits.h>
| #else
| # include <assert.h>
| #endif
| 
| #undef pow
| 
| /* Override any GCC internal prototype to avoid an error.
|    Use char because int might match the return type of a GCC
|    builtin and then its argument prototype would still apply.  */
| #ifdef __cplusplus
| extern "C"
| #endif
| char pow ();
| /* The GNU C library defines this for functions which it implements
|     to always fail with ENOSYS.  Some functions are actually named
|     something starting with __ and the normal name is an alias.  */
| #if defined __stub_pow || defined __stub___pow
| choke me
| #endif
| 
| int
| main ()
| {
| return pow ();
|   ;
|   return 0;
| }
configure:5517: result: no
configure:5517: checking for strdup
configure:5517: gcc -o conftest  -g3 -O0   -g3 -O0  -Wall -Werror  -Wextra -Wconversion   conftest.c  >&5
conftest.c:48:6: error: conflicting types for built-in function 'strdup' [-Werror]
 char strdup ();
      ^
cc1: all warnings being treated as errors
configure:5517: $? = 1
configure: failed program was:
| /* confdefs.h */
| #define PACKAGE_NAME "openqlm-interop"
| #define PACKAGE_TARNAME "openqlm-interop"
| #define PACKAGE_VERSION "0.0.1"
| #define PACKAGE_STRING "openqlm-interop 0.0.1"
| #define PACKAGE_BUGREPORT ""
| #define PACKAGE_URL ""
| #define PACKAGE "openqlm-interop"
| #define VERSION "0.0.1"
| #define STDC_HEADERS 1
| #define HAVE_SYS_TYPES_H 1
| #define HAVE_SYS_STAT_H 1
| #define HAVE_STDLIB_H 1
| #define HAVE_STRING_H 1
| #define HAVE_MEMORY_H 1
| #define HAVE_STRINGS_H 1
| #define HAVE_INTTYPES_H 1
| #define HAVE_STDINT_H 1
| #define HAVE_UNISTD_H 1
| #define HAVE_DECL_STRERROR_R 1
| #define HAVE_STRERROR_R 1
| #define HAVE_GETHOSTNAME 1
| #define HAVE_MKDIR 1
| /* end confdefs.h.  */
| /* Define strdup to an innocuous variant, in case <limits.h> declares strdup.
|    For example, HP-UX 11i <limits.h> declares gettimeofday.  */
| #define strdup innocuous_strdup
| 
| /* System header to define __stub macros and hopefully few prototypes,
|     which can conflict with char strdup (); below.
|     Prefer <limits.h> to <assert.h> if __STDC__ is defined, since
|     <limits.h> exists even on freestanding compilers.  */
| 
| #ifdef __STDC__
| # include <limits.h>
| #else
| # include <assert.h>
| #endif
| 
| #undef strdup
| 
| /* Override any GCC internal prototype to avoid an error.
|    Use char because int might match the return type of a GCC
|    builtin and then its argument prototype would still apply.  */
| #ifdef __cplusplus
| extern "C"
| #endif
| char strdup ();
| /* The GNU C library defines this for functions which it implements
|     to always fail with ENOSYS.  Some functions are actually named
|     something starting with __ and the normal name is an alias.  */
| #if defined __stub_strdup || defined __stub___strdup
| choke me
| #endif
| 
| int
| main ()
| {
| return strdup ();
|   ;
|   return 0;
| }
configure:5517: result: no
configure:5517: checking for strtol
configure:5517: gcc -o conftest  -g3 -O0   -g3 -O0  -Wall -Werror  -Wextra -Wconversion   conftest.c  >&5
configure:5517: $? = 0
configure:5517: result: yes
configure:5646: checking that generated files are newer than configure
configure:5652: result: done
configure:5699: creating ./config.status

## ---------------------- ##
## Running config.status. ##
## ---------------------- ##

This file was extended by openqlm-interop config.status 0.0.1, which was
generated by GNU Autoconf 2.69.  Invocation command line was

  CONFIG_FILES    = 
  CONFIG_HEADERS  = 
  CONFIG_LINKS    = 
  CONFIG_COMMANDS = 
  $ ./config.status 

on quantumbull.localdomain

config.status:898: creating template_version.py
config.status:898: creating packaged/doc/Doxyfile
config.status:898: creating packaged/doc/Doxyfile_specific
config.status:898: creating Makefile
config.status:898: creating packaged/Makefile
config.status:898: creating packaged/lib/Makefile
config.status:898: creating packaged/doc/Makefile
config.status:898: creating tests/Makefile
config.status:898: creating template_config.h
config.status:1127: executing depfiles commands

## ---------------- ##
## Cache variables. ##
## ---------------- ##

ac_cv_c_compiler_gnu=yes
ac_cv_env_CC_set=
ac_cv_env_CC_value=
ac_cv_env_CFLAGS_set=
ac_cv_env_CFLAGS_value=
ac_cv_env_CPPFLAGS_set=
ac_cv_env_CPPFLAGS_value=
ac_cv_env_CPP_set=
ac_cv_env_CPP_value=
ac_cv_env_LDFLAGS_set=
ac_cv_env_LDFLAGS_value=
ac_cv_env_LIBS_set=
ac_cv_env_LIBS_value=
ac_cv_env_PKG_CONFIG_LIBDIR_set=
ac_cv_env_PKG_CONFIG_LIBDIR_value=
ac_cv_env_PKG_CONFIG_PATH_set=set
ac_cv_env_PKG_CONFIG_PATH_value=/opt/intel/compilers_and_libraries_2019.0.117/linux/mkl/bin/pkgconfig
ac_cv_env_PKG_CONFIG_set=
ac_cv_env_PKG_CONFIG_value=
ac_cv_env_PYTHON_CONFIG_set=
ac_cv_env_PYTHON_CONFIG_value=
ac_cv_env_PYTHON_set=set
ac_cv_env_PYTHON_value=/usr/bin/python3
ac_cv_env_build_alias_set=
ac_cv_env_build_alias_value=
ac_cv_env_host_alias_set=
ac_cv_env_host_alias_value=
ac_cv_env_target_alias_set=
ac_cv_env_target_alias_value=
ac_cv_func_gethostname=yes
ac_cv_func_memset=no
ac_cv_func_mkdir=yes
ac_cv_func_pow=no
ac_cv_func_strdup=no
ac_cv_func_strerror_r=yes
ac_cv_func_strerror_r_char_p=no
ac_cv_func_strtol=yes
ac_cv_have_decl_strerror_r=yes
ac_cv_header_inttypes_h=yes
ac_cv_header_memory_h=yes
ac_cv_header_stdc=yes
ac_cv_header_stdint_h=yes
ac_cv_header_stdlib_h=yes
ac_cv_header_string_h=yes
ac_cv_header_strings_h=yes
ac_cv_header_sys_stat_h=yes
ac_cv_header_sys_types_h=yes
ac_cv_header_unistd_h=yes
ac_cv_lib_error_at_line=yes
ac_cv_objext=o
ac_cv_path_EGREP='/usr/bin/grep -E'
ac_cv_path_GREP=/usr/bin/grep
ac_cv_path_PYTHON=/usr/bin/python3
ac_cv_path_PYTHON_CONFIG=/usr/bin/python3-config
ac_cv_path_ac_pt_PKG_CONFIG=/usr/bin/pkg-config
ac_cv_path_install='/usr/bin/install -c'
ac_cv_path_mkdir=/usr/bin/mkdir
ac_cv_prog_AWK=gawk
ac_cv_prog_CPP='gcc -E'
ac_cv_prog_DOT=dot
ac_cv_prog_DOXYGEN=doxygen
ac_cv_prog_VALGRIND_CHECK=yes
ac_cv_prog_ac_ct_CC=gcc
ac_cv_prog_cc_c89=
ac_cv_prog_cc_g=yes
ac_cv_prog_make_make_set=yes
ac_cv_search_CU_register_suites=-lcunit
ac_cv_search_curs_set=-lcurses
am_cv_CC_dependencies_compiler_type=none
am_cv_make_support_nested_variables=yes
pc_cv_python_module_cffi=yes
pc_cv_python_prefix=/usr
pc_cv_python_req_version_3_0=yes
pc_cv_python_req_version_3_99=yes
pc_cv_python_site_dir=lib64/python3.4/site-packages

## ----------------- ##
## Output variables. ##
## ----------------- ##

ACLOCAL='${SHELL} /home/reda/bsm/openqlm-interop/.autotools_cache/missing aclocal-1.13'
AC_EXTRA_DIST='h2py.sh'
AMDEPBACKSLASH='\'
AMDEP_FALSE='#'
AMDEP_TRUE=''
AMTAR='$${TAR-tar}'
AM_BACKSLASH='\'
AM_DEFAULT_V='$(AM_DEFAULT_VERBOSITY)'
AM_DEFAULT_VERBOSITY='1'
AM_V='$(V)'
AUTOCONF='${SHELL} /home/reda/bsm/openqlm-interop/.autotools_cache/missing autoconf'
AUTOHEADER='${SHELL} /home/reda/bsm/openqlm-interop/.autotools_cache/missing autoheader'
AUTOMAKE='${SHELL} /home/reda/bsm/openqlm-interop/.autotools_cache/missing automake-1.13'
AWK='gawk'
CC='gcc'
CCDEPMODE='depmode=none'
CFLAGS=' -g3 -O0 '
CHECK_DOC_FALSE=''
CHECK_DOC_TRUE='#'
CPP='gcc -E'
CPPFLAGS=' -g3 -O0  -Wall -Werror  -Wextra -Wconversion '
CYGPATH_W='echo'
DEFS='-DHAVE_CONFIG_H'
DEPDIR='.deps'
DOC_FOLDER=''
DOT='dot'
DOXYGEN='doxygen'
ECHO_C=''
ECHO_N='-n'
ECHO_T=''
EGREP='/usr/bin/grep -E'
EXEEXT=''
GREP='/usr/bin/grep'
HAVE_DOXYGEN_FALSE='#'
HAVE_DOXYGEN_TRUE=''
HAVE_PYTHON_FALSE='#'
HAVE_PYTHON_TRUE=''
HAVE_SYSTEMD_FALSE=''
HAVE_SYSTEMD_TRUE='#'
HAVE_TESTS_FALSE='#'
HAVE_TESTS_TRUE=''
INSTALL_DATA='${INSTALL} -m 644'
INSTALL_PROGRAM='${INSTALL}'
INSTALL_SCRIPT='${INSTALL}'
INSTALL_STRIP_PROGRAM='$(install_sh) -c -s'
LDFLAGS=''
LIBOBJS=''
LIBS=''
LTLIBOBJS=''
MAKEINFO='${SHELL} /home/reda/bsm/openqlm-interop/.autotools_cache/missing makeinfo'
MKDIR_P='/usr/bin/mkdir -p'
OBJEXT='o'
PACKAGE='openqlm-interop'
PACKAGE_BUGREPORT=''
PACKAGE_NAME='openqlm-interop'
PACKAGE_STRING='openqlm-interop 0.0.1'
PACKAGE_TARNAME='openqlm-interop'
PACKAGE_URL=''
PACKAGE_VERSION='0.0.1'
PATH_SEPARATOR=':'
PKG_CONFIG='/usr/bin/pkg-config'
PKG_CONFIG_LIBDIR=''
PKG_CONFIG_PATH='/opt/intel/compilers_and_libraries_2019.0.117/linux/mkl/bin/pkgconfig'
PROJECT_BRIEF='New product openqlm-interop'
PYTHON='/usr/bin/python3'
PYTHON_CONFIG='/usr/bin/python3-config'
PYTHON_PREFIX='/usr'
SED=''
SET_MAKE=''
SHELL='/bin/sh'
STRIP=''
SUBPACKAGES='debuginfo doc devel tests'
TST_CFLAGS=' -g3 -O0  -Wall -Werror  -Wextra -Wconversion '
TST_CPPFLAGS=' -g3 -O0 '
TST_LDFLAGS=''
TST_LIBS='-lcunit -lcurses '
VALGRIND='\$(abs_top_builddir)/libtool --mode=execute valgrind'
VALGRIND_ARGS='   --track-origins=yes --leak-check=full --show-reachable=yes --undef-value-errors=yes   --trace-children=no --child-silent-after-fork=yes --suppressions=/mnt/raid6/wip/reda/bsm/openqlm-interop/valgrind.supp '
VALGRIND_CHECK='yes'
VERSION='0.0.1'
ac_ct_CC='gcc'
am__EXEEXT_FALSE=''
am__EXEEXT_TRUE='#'
am__fastdepCC_FALSE=''
am__fastdepCC_TRUE='#'
am__include='include'
am__isrc=''
am__leading_dot='.'
am__nodep='_no'
am__quote=''
am__tar='$${TAR-tar} chof - "$$tardir"'
am__untar='$${TAR-tar} xf -'
bindir='${exec_prefix}/bin'
build_alias=''
datadir='${datarootdir}'
datarootdir='${prefix}/share'
docdir='${datarootdir}/doc/${PACKAGE_TARNAME}'
dvidir='${docdir}'
exec_prefix='${prefix}'
host_alias=''
htmldir='${docdir}'
includedir='${prefix}/include'
infodir='${datarootdir}/info'
install_sh='${SHELL} /home/reda/bsm/openqlm-interop/.autotools_cache/install-sh'
libdir='${exec_prefix}/lib'
libexecdir='${exec_prefix}/libexec'
localedir='${datarootdir}/locale'
localstatedir='${prefix}/var'
mandir='${datarootdir}/man'
mkdir_p='$(MKDIR_P)'
oldincludedir='/usr/include'
pdfdir='${docdir}'
pkgpythondir='${pythondir}/openqlm-interop'
prefix='/usr/local'
program_transform_name='s,x,x,'
psdir='${docdir}'
pythondir='${prefix}/lib64/python3.4/site-packages'
sbindir='${exec_prefix}/sbin'
sharedstatedir='${prefix}/com'
sysconfdir='${prefix}/etc'
systemdsysdir=''
target_alias=''

## ----------- ##
## confdefs.h. ##
## ----------- ##

/* confdefs.h */
#define PACKAGE_NAME "openqlm-interop"
#define PACKAGE_TARNAME "openqlm-interop"
#define PACKAGE_VERSION "0.0.1"
#define PACKAGE_STRING "openqlm-interop 0.0.1"
#define PACKAGE_BUGREPORT ""
#define PACKAGE_URL ""
#define PACKAGE "openqlm-interop"
#define VERSION "0.0.1"
#define STDC_HEADERS 1
#define HAVE_SYS_TYPES_H 1
#define HAVE_SYS_STAT_H 1
#define HAVE_STDLIB_H 1
#define HAVE_STRING_H 1
#define HAVE_MEMORY_H 1
#define HAVE_STRINGS_H 1
#define HAVE_INTTYPES_H 1
#define HAVE_STDINT_H 1
#define HAVE_UNISTD_H 1
#define HAVE_DECL_STRERROR_R 1
#define HAVE_STRERROR_R 1
#define HAVE_GETHOSTNAME 1
#define HAVE_MKDIR 1
#define HAVE_STRTOL 1

configure: exit 0
